<?xml version="1.0" encoding="UTF-8"?>
<testng-results ignored="0" total="1" passed="1" failed="0" skipped="0">
  <reporter-output>
  </reporter-output>
  <suite started-at="2024-09-09T18:17:26 IST" name="MasterSuite" finished-at="2024-09-09T18:17:43 IST" duration-ms="16989">
    <groups>
      <group name="Master">
        <method signature="TC001_AccountRegistationTest.AccountRegistationTest()[pri:0, instance:testCases.TC001_AccountRegistationTest@191ae03f]" name="AccountRegistationTest" class="testCases.TC001_AccountRegistationTest"/>
      </group> <!-- Master -->
      <group name="Sanity">
        <method signature="TC001_AccountRegistationTest.AccountRegistationTest()[pri:0, instance:testCases.TC001_AccountRegistationTest@191ae03f]" name="AccountRegistationTest" class="testCases.TC001_AccountRegistationTest"/>
      </group> <!-- Sanity -->
    </groups>
    <test started-at="2024-09-09T18:17:26 IST" name="Test" finished-at="2024-09-09T18:17:43 IST" duration-ms="16989">
      <class name="testCases.TC001_AccountRegistationTest">
        <test-method is-config="true" signature="setUp(java.lang.String,java.lang.String)[pri:0, instance:testCases.TC001_AccountRegistationTest@191ae03f]" started-at="2024-09-09T18:17:26 IST" name="setUp" finished-at="2024-09-09T18:17:33 IST" duration-ms="6727" status="PASS">
          <params>
            <param index="0">
              <value>
                <![CDATA[windows]]>
              </value>
            </param>
            <param index="1">
              <value>
                <![CDATA[chrome]]>
              </value>
            </param>
          </params>
          <reporter-output>
          </reporter-output>
        </test-method> <!-- setUp -->
        <test-method signature="AccountRegistationTest()[pri:0, instance:testCases.TC001_AccountRegistationTest@191ae03f]" started-at="2024-09-09T18:17:33 IST" name="AccountRegistationTest" finished-at="2024-09-09T18:17:42 IST" duration-ms="9523" status="PASS">
          <reporter-output>
          </reporter-output>
        </test-method> <!-- AccountRegistationTest -->
        <test-method is-config="true" signature="tearDown()[pri:0, instance:testCases.TC001_AccountRegistationTest@191ae03f]" started-at="2024-09-09T18:17:42 IST" name="tearDown" finished-at="2024-09-09T18:17:43 IST" duration-ms="462" status="PASS">
          <reporter-output>
          </reporter-output>
        </test-method> <!-- tearDown -->
      </class> <!-- testCases.TC001_AccountRegistationTest -->
    </test> <!-- Test -->
  </suite> <!-- MasterSuite -->
</testng-results>
