<?xml version="1.0" encoding="UTF-8"?>
<testng-results ignored="0" total="1" passed="1" failed="0" skipped="0">
  <reporter-output>
  </reporter-output>
  <suite started-at="2024-10-20T20:39:35 IST" name="MasterSuite" finished-at="2024-10-20T20:39:43 IST" duration-ms="7192">
    <groups>
      <group name="Master">
        <method signature="TC003_Search.Search()[pri:0, instance:testCases.TC003_Search@191ae03f]" name="Search" class="testCases.TC003_Search"/>
      </group> <!-- Master -->
      <group name="Sanity">
        <method signature="TC003_Search.Search()[pri:0, instance:testCases.TC003_Search@191ae03f]" name="Search" class="testCases.TC003_Search"/>
      </group> <!-- Sanity -->
    </groups>
    <test started-at="2024-10-20T20:39:35 IST" name="Test" finished-at="2024-10-20T20:39:43 IST" duration-ms="7192">
      <class name="testCases.TC003_Search">
        <test-method is-config="true" signature="setUp(java.lang.String,java.lang.String)[pri:0, instance:testCases.TC003_Search@191ae03f]" started-at="2024-10-20T20:39:36 IST" name="setUp" finished-at="2024-10-20T20:39:39 IST" duration-ms="3465" status="PASS">
          <params>
            <param index="0">
              <value>
                <![CDATA[windows]]>
              </value>
            </param>
            <param index="1">
              <value>
                <![CDATA[chrome]]>
              </value>
            </param>
          </params>
          <reporter-output>
          </reporter-output>
        </test-method> <!-- setUp -->
        <test-method signature="Search()[pri:0, instance:testCases.TC003_Search@191ae03f]" started-at="2024-10-20T20:39:39 IST" name="Search" finished-at="2024-10-20T20:39:42 IST" duration-ms="3307" status="PASS">
          <reporter-output>
          </reporter-output>
        </test-method> <!-- Search -->
        <test-method is-config="true" signature="tearDown()[pri:0, instance:testCases.TC003_Search@191ae03f]" started-at="2024-10-20T20:39:42 IST" name="tearDown" finished-at="2024-10-20T20:39:43 IST" duration-ms="220" status="PASS">
          <reporter-output>
          </reporter-output>
        </test-method> <!-- tearDown -->
      </class> <!-- testCases.TC003_Search -->
    </test> <!-- Test -->
  </suite> <!-- MasterSuite -->
</testng-results>
