<?xml version="1.0" encoding="UTF-8"?>
<!-- Generated by org.testng.reporters.JUnitXMLReporter -->
<testsuite ignored="0" hostname="DESKTOP-P7B0QUM" failures="1" tests="2" name="Test linux firefox" time="193.821" errors="0" timestamp="2024-09-09T12:17:15 IST">
  <testcase classname="testCases.TC001_AccountRegistationTest" name="AccountRegistationTest" time="1.83"/>
  <testcase classname="testCases.TC002_LoginTest" name="Verify_Login" time="0.004">
    <failure type="java.lang.IllegalArgumentException" message="Test name must not be null or empty">
      <![CDATA[java.lang.IllegalArgumentException: Test name must not be null or empty
at com.aventstack.extentreports.util.Assert.notEmpty(Assert.java:12)
at com.aventstack.extentreports.ExtentTest.<init>(ExtentTest.java:97)
at com.aventstack.extentreports.ExtentTest.<init>(ExtentTest.java:118)
at com.aventstack.extentreports.ExtentReports.createTest(ExtentReports.java:231)
at com.aventstack.extentreports.ExtentReports.createTest(ExtentReports.java:245)
at utilities.ExtentReportManager.onTestSkipped(ExtentReportManager.java:89)
at java.base/java.util.ArrayList.forEach(ArrayList.java:1511)
... Removed 25 stack frames]]>
    </failure>
  </testcase> <!-- Verify_Login -->
</testsuite> <!-- Test linux firefox -->
